Build started 11/12/2015 6:45:52 PM.
     1>Project "C:\Users\Zelin\Documents\Visual Studio 2015\Projects\Transportation - Base\Transportation\Transportation.vcxproj" on node 2 (Build target(s)).
     1>ClCompile:
         C:\Program Files (x86)\Microsoft Visual Studio 14.0\VC\bin\CL.exe /c /Zi /nologo /W3 /WX- /O2 /Oi /Oy- /GL /D _MBCS /Gm- /EHsc /MD /GS /Gy /fp:precise /Zc:wchar_t /Zc:forScope /Zc:inline /Fo"Release\\" /Fd"Release\vc140.pdb" /Gd /TP /analyze- /errorReport:prompt main.cpp
         main.cpp
     1>main.cpp(742): warning C4838: conversion from 'double' to 'GLfloat' requires a narrowing conversion
       Link:
         C:\Program Files (x86)\Microsoft Visual Studio 14.0\VC\bin\link.exe /ERRORREPORT:PROMPT /OUT:"C:\Users\Zelin\Documents\Visual Studio 2015\Projects\Transportation - Base\Release\Transportation.exe" /NOLOGO glew32.lib kernel32.lib user32.lib gdi32.lib winspool.lib comdlg32.lib advapi32.lib shell32.lib ole32.lib oleaut32.lib uuid.lib odbc32.lib odbccp32.lib kernel32.lib user32.lib gdi32.lib winspool.lib comdlg32.lib advapi32.lib shell32.lib ole32.lib oleaut32.lib uuid.lib odbc32.lib odbccp32.lib /MANIFEST /MANIFESTUAC:"level='asInvoker' uiAccess='false'" /manifest:embed /Debug /PDB:"C:\Users\Zelin\Documents\Visual Studio 2015\Projects\Transportation - Base\Release\Transportation.pdb" /OPT:REF /OPT:ICF /LTCG:incremental /TLBID:1 /DYNAMICBASE /NXCOMPAT /IMPLIB:"C:\Users\Zelin\Documents\Visual Studio 2015\Projects\Transportation - Base\Release\Transportation.lib" /MACHINE:X86 /SAFESEH Release\main.obj
         Release\ObjModel.obj
         Release\PPMImage.obj
         Release\TrafficLight.obj
         Release\utility.obj
         Generating code
         0 of 1248 functions ( 0.0%) were compiled, the rest were copied from previous compilation.
           0 functions were new in current compilation
           0 functions had inline decision re-evaluated but remain unchanged
         Finished generating code
         Transportation.vcxproj -> C:\Users\Zelin\Documents\Visual Studio 2015\Projects\Transportation - Base\Release\Transportation.exe
     1>Done Building Project "C:\Users\Zelin\Documents\Visual Studio 2015\Projects\Transportation - Base\Transportation\Transportation.vcxproj" (Build target(s)).

Build succeeded.

Time Elapsed 00:00:02.03
