c:\users\yuzhong shen\documents\courses\odu\msim 641\fall 2013\programming assignments\p2\transportation\transportation\release\utility.obj
c:\users\yuzhong shen\documents\courses\odu\msim 641\fall 2013\programming assignments\p2\transportation\transportation\release\trafficlight.obj
c:\users\yuzhong shen\documents\courses\odu\msim 641\fall 2013\programming assignments\p2\transportation\transportation\release\ppmimage.obj
c:\users\yuzhong shen\documents\courses\odu\msim 641\fall 2013\programming assignments\p2\transportation\transportation\release\objmodel.obj
c:\users\yuzhong shen\documents\courses\odu\msim 641\fall 2013\programming assignments\p2\transportation\transportation\release\main.obj
c:\users\yuzhong shen\documents\courses\odu\msim 641\fall 2013\programming assignments\p2\transportation\transportation\release\vc100.pdb
c:\users\yuzhong shen\documents\courses\odu\msim 641\fall 2013\programming assignments\p2\transportation - base\transportation\release\utility.obj
c:\users\yuzhong shen\documents\courses\odu\msim 641\fall 2013\programming assignments\p2\transportation - base\transportation\release\trafficlight.obj
c:\users\yuzhong shen\documents\courses\odu\msim 641\fall 2013\programming assignments\p2\transportation - base\transportation\release\ppmimage.obj
c:\users\yuzhong shen\documents\courses\odu\msim 641\fall 2013\programming assignments\p2\transportation - base\transportation\release\objmodel.obj
c:\users\yuzhong shen\documents\courses\odu\msim 641\fall 2013\programming assignments\p2\transportation - base\transportation\release\main.obj
c:\users\yuzhong shen\documents\courses\odu\msim 641\fall 2013\programming assignments\p2\transportation - base\transportation\release\vc100.pdb
c:\users\yuzhong shen\documents\courses\odu\msim 641\fall 2014\programming assignments\p2\transportation - base\transportation\release\utility.obj
c:\users\yuzhong shen\documents\courses\odu\msim 641\fall 2014\programming assignments\p2\transportation - base\transportation\release\trafficlight.obj
c:\users\yuzhong shen\documents\courses\odu\msim 641\fall 2014\programming assignments\p2\transportation - base\transportation\release\ppmimage.obj
c:\users\yuzhong shen\documents\courses\odu\msim 641\fall 2014\programming assignments\p2\transportation - base\transportation\release\objmodel.obj
c:\users\yuzhong shen\documents\courses\odu\msim 641\fall 2014\programming assignments\p2\transportation - base\transportation\release\main.obj
c:\users\yuzhong shen\documents\courses\odu\msim 641\fall 2014\programming assignments\p2\transportation - base\transportation\release\vc100.pdb
c:\users\yuzhong shen\documents\courses\odu\msim 641\fall 2013\programming assignments\p2\transportation\release\transportation.exe
c:\users\yuzhong shen\documents\courses\odu\msim 641\fall 2013\programming assignments\p2\transportation\transportation\release\transportation.exe.intermediate.manifest
c:\users\yuzhong shen\documents\courses\odu\msim 641\fall 2013\programming assignments\p2\transportation\release\transportation.pdb
c:\users\yuzhong shen\documents\courses\odu\msim 641\fall 2013\programming assignments\p2\transportation - base\release\transportation.exe
c:\users\yuzhong shen\documents\courses\odu\msim 641\fall 2013\programming assignments\p2\transportation - base\transportation\release\transportation.exe.intermediate.manifest
c:\users\yuzhong shen\documents\courses\odu\msim 641\fall 2013\programming assignments\p2\transportation - base\release\transportation.pdb
c:\users\yuzhong shen\documents\courses\odu\msim 641\fall 2014\programming assignments\p2\transportation - base\release\transportation.exe
c:\users\yuzhong shen\documents\courses\odu\msim 641\fall 2014\programming assignments\p2\transportation - base\transportation\release\transportation.exe.intermediate.manifest
c:\users\yuzhong shen\documents\courses\odu\msim 641\fall 2014\programming assignments\p2\transportation - base\release\transportation.pdb
c:\users\yuzhong shen\documents\courses\odu\msim 641\fall 2014\programming assignments\p2\transportation - base\transportation\release\vc120.pdb
c:\users\yuzhong shen\documents\courses\odu\msim 641\fall 2014\programming assignments\p2\transportation - base\transportation\release\transportation.vcxprojresolveassemblyreference.cache
c:\users\yuzhong shen\documents\courses\odu\msim 641\fall 2014\programming assignments\p2\transportation - base\transportation\release\cl.command.1.tlog
c:\users\yuzhong shen\documents\courses\odu\msim 641\fall 2014\programming assignments\p2\transportation - base\transportation\release\cl.read.1.tlog
c:\users\yuzhong shen\documents\courses\odu\msim 641\fall 2014\programming assignments\p2\transportation - base\transportation\release\cl.write.1.tlog
c:\users\yuzhong shen\documents\courses\odu\msim 641\fall 2014\programming assignments\p2\transportation - base\transportation\release\link.command.1.tlog
c:\users\yuzhong shen\documents\courses\odu\msim 641\fall 2014\programming assignments\p2\transportation - base\transportation\release\link.read.1.tlog
c:\users\yuzhong shen\documents\courses\odu\msim 641\fall 2014\programming assignments\p2\transportation - base\transportation\release\link.write.1.tlog
c:\users\yuzhong shen\documents\courses\odu\msim 641\fall 2014\programming assignments\p2\transportation - base\transportation\release\mt.command.1.tlog
c:\users\yuzhong shen\documents\courses\odu\msim 641\fall 2014\programming assignments\p2\transportation - base\transportation\release\mt.read.1.tlog
c:\users\yuzhong shen\documents\courses\odu\msim 641\fall 2014\programming assignments\p2\transportation - base\transportation\release\mt.write.1.tlog
c:\users\yuzhong shen\documents\courses\odu\msim 641\fall 2014\programming assignments\p2\transportation - base\transportation\release\transportation.write.1.tlog
c:\users\yuzhong shen\documents\courses\odu\msim 641\fall 2014\programming assignments\p2\transportation - base\transportation\release\transportation.tlog\cl.command.1.tlog
c:\users\yuzhong shen\documents\courses\odu\msim 641\fall 2014\programming assignments\p2\transportation - base\transportation\release\transportation.tlog\cl.read.1.tlog
c:\users\yuzhong shen\documents\courses\odu\msim 641\fall 2014\programming assignments\p2\transportation - base\transportation\release\transportation.tlog\cl.write.1.tlog
c:\users\yuzhong shen\documents\courses\odu\msim 641\fall 2014\programming assignments\p2\transportation - base\transportation\release\transportation.tlog\link.command.1.tlog
c:\users\yuzhong shen\documents\courses\odu\msim 641\fall 2014\programming assignments\p2\transportation - base\transportation\release\transportation.tlog\link.read.1.tlog
c:\users\yuzhong shen\documents\courses\odu\msim 641\fall 2014\programming assignments\p2\transportation - base\transportation\release\transportation.tlog\link.write.1.tlog
